{
  "error": {
    "code": 403,
    "message": "People API has not been used in project 441533464417 before or it is disabled. Enable it by visiting https://console.developers.google.com/apis/api/people.googleapis.com/overview?project=441533464417 then retry. If you enabled this API recently, wait a few minutes for the action to propagate to our systems and retry.",
    "errors": [
      {
        "message": "People API has not been used in project 441533464417 before or it is disabled. Enable it by visiting https://console.developers.google.com/apis/api/people.googleapis.com/overview?project=441533464417 then retry. If you enabled this API recently, wait a few minutes for the action to propagate to our systems and retry.",
        "domain": "usageLimits",
        "reason": "accessNotConfigured",
        "extendedHelp": "https://console.developers.google.com"
      }
    ],
    "status": "PERMISSION_DENIED",
    "details": [
      {
        "@type": "type.googleapis.com/google.rpc.ErrorInfo",
        "reason": "SERVICE_DISABLED",
        "domain": "googleapis.com",
        "metadata": {
          "serviceTitle": "People API",
          "consumer": "projects/441533464417",
          "containerInfo": "441533464417",
          "activationUrl": "https://console.developers.google.com/apis/api/people.googleapis.com/overview?project=441533464417",
          "service": "people.googleapis.com"
        }
      },
      {
        "@type": "type.googleapis.com/google.rpc.LocalizedMessage",
        "locale": "en-US",
        "message": "People API has not been used in project 441533464417 before or it is disabled. Enable it by visiting https://console.developers.google.com/apis/api/people.googleapis.com/overview?project=441533464417 then retry. If you enabled this API recently, wait a few minutes for the action to propagate to our systems and retry."
      },
      {
        "@type": "type.googleapis.com/google.rpc.Help",
        "links": [
          {
            "description": "Google developers console API activation",
            "url": "https://console.developers.google.com/apis/api/people.googleapis.com/overview?project=441533464417"
          }
        ]
      }
    ]
  }
}
